[{"line":5,"elements":[{"start_timestamp":"2022-01-16T23:18:18.994Z","before":[{"output":["Screenshot Path: C:\\projects\\github-testauto\\smartfwk-testauto-quickstart-windows-native-java\\test-results/screen-captures\\Verify-arithmatic-operations-of-2-numbers(Line-16)-scenario-started-1.png"],"result":{"duration":852586300,"status":"passed"},"match":{"location":"stepdefs.features.ui.home.LoginAndSharedStepDefs.beforeScenario(io.cucumber.java.Scenario)"}}],"line":16,"name":"Verify arithmatic operations of 2 numbers.","description":"","id":"verify-standard-calculator-functionality.;verify-arithmatic-operations-of-2-numbers.;;2","after":[{"output":["Screenshot Path: C:\\projects\\github-testauto\\smartfwk-testauto-quickstart-windows-native-java\\test-results/screen-captures\\Verify-arithmatic-operations-of-2-numbers(Line-16)-scenario-FAILED-2.png"],"result":{"duration":240488200,"status":"passed"},"match":{"location":"stepdefs.features.ui.home.LoginAndSharedStepDefs.afterScenario(io.cucumber.java.Scenario)"}}],"type":"scenario","keyword":"Scenario Outline","steps":[{"result":{"duration":10045714100,"status":"passed"},"line":10,"name":"Calculator is already opened.","match":{"location":"stepdefs.features.ui.home.LoginAndSharedStepDefs.calculator_is_already_opened()"},"keyword":"Given "},{"result":{"duration":60800200,"status":"passed"},"line":11,"name":"Standard menu item is already selected.","match":{"location":"stepdefs.features.ui.home.StandardCalculatorStepDefs.standard_menu_item_is_already_selected()"},"keyword":"Given "},{"result":{"duration":3274594800,"status":"passed"},"line":12,"name":"User clicks on 34 '+' 56 = buttons.","match":{"arguments":[{"val":"34","offset":15},{"val":"'+'","offset":18},{"val":"56","offset":22}],"location":"stepdefs.features.ui.home.StandardCalculatorStepDefs.user_clicks_on_operator_buttons(java.lang.Integer,java.lang.String,java.lang.Integer)"},"keyword":"When "},{"result":{"error_message":"java.lang.AssertionError: Failed to validate expected value 'Display is 80' for element 'Calculator Results'.\r\n\tat org.testng.Assert.fail(Assert.java:87)\r\n\tat org.uitnet.testing.smartfwk.ui.standard.domobj.LabelValidatorSD.validateValue(LabelValidatorSD.java:134)\r\n\tat stepdefs.features.ui.home.StandardCalculatorStepDefs.the_is_displayed_on_result_textbox(StandardCalculatorStepDefs.java:85)\r\n\tat ✽.The 80 is displayed on result textbox.(file:///C:/projects/github-testauto/smartfwk-testauto-quickstart-windows-native-java/cucumber-testcases/features/ui/home/VerifyStandardCalculator.feature:13)\r\nCaused by: java.lang.AssertionError: Actual value 'Display is 90' does not equal to expected value 'Display is 80'.\r\n\tat org.testng.Assert.fail(Assert.java:99)\r\n\tat org.uitnet.testing.smartfwk.ui.core.utils.DataMatchUtil.validateTextValue(DataMatchUtil.java:109)\r\n\tat org.uitnet.testing.smartfwk.ui.core.objects.UIObjectValidator.validateTextValue(UIObjectValidator.java:134)\r\n\tat org.uitnet.testing.smartfwk.ui.standard.domobj.LabelValidatorSD.validateValue(LabelValidatorSD.java:124)\r\n\tat stepdefs.features.ui.home.StandardCalculatorStepDefs.the_is_displayed_on_result_textbox(StandardCalculatorStepDefs.java:85)\r\n\tat java.base/jdk.internal.reflect.NativeMethodAccessorImpl.invoke0(Native Method)\r\n\tat java.base/jdk.internal.reflect.NativeMethodAccessorImpl.invoke(NativeMethodAccessorImpl.java:62)\r\n\tat java.base/jdk.internal.reflect.DelegatingMethodAccessorImpl.invoke(DelegatingMethodAccessorImpl.java:43)\r\n\tat java.base/java.lang.reflect.Method.invoke(Method.java:566)\r\n\tat io.cucumber.java.Invoker.doInvoke(Invoker.java:66)\r\n\tat io.cucumber.java.Invoker.invoke(Invoker.java:24)\r\n\tat io.cucumber.java.AbstractGlueDefinition.invokeMethod(AbstractGlueDefinition.java:47)\r\n\tat io.cucumber.java.JavaStepDefinition.execute(JavaStepDefinition.java:29)\r\n\tat io.cucumber.core.runner.CoreStepDefinition.execute(CoreStepDefinition.java:66)\r\n\tat io.cucumber.core.runner.PickleStepDefinitionMatch.runStep(PickleStepDefinitionMatch.java:63)\r\n\tat io.cucumber.core.runner.ExecutionMode$1.execute(ExecutionMode.java:10)\r\n\tat io.cucumber.core.runner.TestStep.executeStep(TestStep.java:86)\r\n\tat io.cucumber.core.runner.TestStep.run(TestStep.java:57)\r\n\tat io.cucumber.core.runner.PickleStepTestStep.run(PickleStepTestStep.java:51)\r\n\tat io.cucumber.core.runner.TestCase.run(TestCase.java:95)\r\n\tat io.cucumber.core.runner.Runner.runPickle(Runner.java:75)\r\n\tat io.cucumber.testng.TestNGCucumberRunner.lambda$runScenario$1(TestNGCucumberRunner.java:132)\r\n\tat io.cucumber.core.runtime.CucumberExecutionContext.lambda$runTestCase$3(CucumberExecutionContext.java:110)\r\n\tat io.cucumber.core.runtime.RethrowingThrowableCollector.executeAndThrow(RethrowingThrowableCollector.java:23)\r\n\tat io.cucumber.core.runtime.CucumberExecutionContext.runTestCase(CucumberExecutionContext.java:110)\r\n\tat io.cucumber.testng.TestNGCucumberRunner.runScenario(TestNGCucumberRunner.java:129)\r\n\tat io.cucumber.testng.AbstractTestNGCucumberTests.runScenario(AbstractTestNGCucumberTests.java:35)\r\n\tat java.base/jdk.internal.reflect.NativeMethodAccessorImpl.invoke0(Native Method)\r\n\tat java.base/jdk.internal.reflect.NativeMethodAccessorImpl.invoke(NativeMethodAccessorImpl.java:62)\r\n\tat java.base/jdk.internal.reflect.DelegatingMethodAccessorImpl.invoke(DelegatingMethodAccessorImpl.java:43)\r\n\tat java.base/java.lang.reflect.Method.invoke(Method.java:566)\r\n\tat org.testng.internal.MethodInvocationHelper.invokeMethod(MethodInvocationHelper.java:133)\r\n\tat org.testng.internal.TestInvoker.invokeMethod(TestInvoker.java:598)\r\n\tat org.testng.internal.TestInvoker.invokeTestMethod(TestInvoker.java:173)\r\n\tat org.testng.internal.MethodRunner.runInSequence(MethodRunner.java:46)\r\n\tat org.testng.internal.TestInvoker$MethodInvocationAgent.invoke(TestInvoker.java:824)\r\n\tat org.testng.internal.TestInvoker.invokeTestMethods(TestInvoker.java:146)\r\n\tat org.testng.internal.TestMethodWorker.invokeTestMethods(TestMethodWorker.java:146)\r\n\tat org.testng.internal.TestMethodWorker.run(TestMethodWorker.java:128)\r\n\tat java.base/java.util.ArrayList.forEach(ArrayList.java:1540)\r\n\tat org.testng.TestRunner.privateRun(TestRunner.java:794)\r\n\tat org.testng.TestRunner.run(TestRunner.java:596)\r\n\tat org.testng.SuiteRunner.runTest(SuiteRunner.java:377)\r\n\tat org.testng.SuiteRunner.runSequentially(SuiteRunner.java:371)\r\n\tat org.testng.SuiteRunner.privateRun(SuiteRunner.java:332)\r\n\tat org.testng.SuiteRunner.run(SuiteRunner.java:276)\r\n\tat org.testng.SuiteRunnerWorker.runSuite(SuiteRunnerWorker.java:53)\r\n\tat org.testng.SuiteRunnerWorker.run(SuiteRunnerWorker.java:96)\r\n\tat org.testng.TestNG.runSuitesSequentially(TestNG.java:1212)\r\n\tat org.testng.TestNG.runSuitesLocally(TestNG.java:1134)\r\n\tat org.testng.TestNG.runSuites(TestNG.java:1063)\r\n\tat org.testng.TestNG.run(TestNG.java:1031)\r\n\tat org.apache.maven.surefire.testng.TestNGExecutor.run(TestNGExecutor.java:135)\r\n\tat org.apache.maven.surefire.testng.TestNGDirectoryTestSuite.executeSingleClass(TestNGDirectoryTestSuite.java:112)\r\n\tat org.apache.maven.surefire.testng.TestNGDirectoryTestSuite.execute(TestNGDirectoryTestSuite.java:99)\r\n\tat org.apache.maven.surefire.testng.TestNGProvider.invoke(TestNGProvider.java:146)\r\n\tat org.apache.maven.surefire.booter.ForkedBooter.invokeProviderInSameClassLoader(ForkedBooter.java:384)\r\n\tat org.apache.maven.surefire.booter.ForkedBooter.runSuitesInProcess(ForkedBooter.java:345)\r\n\tat org.apache.maven.surefire.booter.ForkedBooter.execute(ForkedBooter.java:126)\r\n\tat org.apache.maven.surefire.booter.ForkedBooter.main(ForkedBooter.java:418)\r\n","duration":6454945100,"status":"failed"},"line":13,"name":"The 80 is displayed on result textbox.","match":{"arguments":[{"val":"80","offset":4}],"location":"stepdefs.features.ui.home.StandardCalculatorStepDefs.the_is_displayed_on_result_textbox(java.lang.Integer)"},"keyword":"Then "}],"tags":[{"name":"@StandardModeTests"},{"name":"@RegressionTest"}]},{"start_timestamp":"2022-01-16T23:18:39.977Z","before":[{"output":["Screenshot Path: C:\\projects\\github-testauto\\smartfwk-testauto-quickstart-windows-native-java\\test-results/screen-captures\\Verify-arithmatic-operations-of-2-numbers(Line-17)-scenario-started-3.png"],"result":{"duration":299013200,"status":"passed"},"match":{"location":"stepdefs.features.ui.home.LoginAndSharedStepDefs.beforeScenario(io.cucumber.java.Scenario)"}}],"line":17,"name":"Verify arithmatic operations of 2 numbers.","description":"","id":"verify-standard-calculator-functionality.;verify-arithmatic-operations-of-2-numbers.;;3","after":[{"output":["Screenshot Path: C:\\projects\\github-testauto\\smartfwk-testauto-quickstart-windows-native-java\\test-results/screen-captures\\Verify-arithmatic-operations-of-2-numbers(Line-17)-scenario-PASSED-4.png"],"result":{"duration":267248700,"status":"passed"},"match":{"location":"stepdefs.features.ui.home.LoginAndSharedStepDefs.afterScenario(io.cucumber.java.Scenario)"}}],"type":"scenario","keyword":"Scenario Outline","steps":[{"result":{"duration":195505000,"status":"passed"},"line":10,"name":"Calculator is already opened.","match":{"location":"stepdefs.features.ui.home.LoginAndSharedStepDefs.calculator_is_already_opened()"},"keyword":"Given "},{"result":{"duration":140958700,"status":"passed"},"line":11,"name":"Standard menu item is already selected.","match":{"location":"stepdefs.features.ui.home.StandardCalculatorStepDefs.standard_menu_item_is_already_selected()"},"keyword":"Given "},{"result":{"duration":4040720900,"status":"passed"},"line":12,"name":"User clicks on 64 '+' 156 = buttons.","match":{"arguments":[{"val":"64","offset":15},{"val":"'+'","offset":18},{"val":"156","offset":22}],"location":"stepdefs.features.ui.home.StandardCalculatorStepDefs.user_clicks_on_operator_buttons(java.lang.Integer,java.lang.String,java.lang.Integer)"},"keyword":"When "},{"result":{"duration":2234050200,"status":"passed"},"line":13,"name":"The 220 is displayed on result textbox.","match":{"arguments":[{"val":"220","offset":4}],"location":"stepdefs.features.ui.home.StandardCalculatorStepDefs.the_is_displayed_on_result_textbox(java.lang.Integer)"},"keyword":"Then "}],"tags":[{"name":"@StandardModeTests"},{"name":"@RegressionTest"}]},{"start_timestamp":"2022-01-16T23:18:47.183Z","before":[{"output":["Screenshot Path: C:\\projects\\github-testauto\\smartfwk-testauto-quickstart-windows-native-java\\test-results/screen-captures\\Verify-arithmatic-operations-of-2-numbers(Line-18)-scenario-started-5.png"],"result":{"duration":307280900,"status":"passed"},"match":{"location":"stepdefs.features.ui.home.LoginAndSharedStepDefs.beforeScenario(io.cucumber.java.Scenario)"}}],"line":18,"name":"Verify arithmatic operations of 2 numbers.","description":"","id":"verify-standard-calculator-functionality.;verify-arithmatic-operations-of-2-numbers.;;4","after":[{"output":["Screenshot Path: C:\\projects\\github-testauto\\smartfwk-testauto-quickstart-windows-native-java\\test-results/screen-captures\\Verify-arithmatic-operations-of-2-numbers(Line-18)-scenario-FAILED-6.png"],"result":{"duration":325160000,"status":"passed"},"match":{"location":"stepdefs.features.ui.home.LoginAndSharedStepDefs.afterScenario(io.cucumber.java.Scenario)"}}],"type":"scenario","keyword":"Scenario Outline","steps":[{"result":{"duration":156136200,"status":"passed"},"line":10,"name":"Calculator is already opened.","match":{"location":"stepdefs.features.ui.home.LoginAndSharedStepDefs.calculator_is_already_opened()"},"keyword":"Given "},{"result":{"duration":124729500,"status":"passed"},"line":11,"name":"Standard menu item is already selected.","match":{"location":"stepdefs.features.ui.home.StandardCalculatorStepDefs.standard_menu_item_is_already_selected()"},"keyword":"Given "},{"result":{"duration":3240876100,"status":"passed"},"line":12,"name":"User clicks on 50 '*' 10 = buttons.","match":{"arguments":[{"val":"50","offset":15},{"val":"'*'","offset":18},{"val":"10","offset":22}],"location":"stepdefs.features.ui.home.StandardCalculatorStepDefs.user_clicks_on_operator_buttons(java.lang.Integer,java.lang.String,java.lang.Integer)"},"keyword":"When "},{"result":{"error_message":"java.lang.AssertionError: Failed to validate expected value 'Display is 50' for element 'Calculator Results'.\r\n\tat org.testng.Assert.fail(Assert.java:87)\r\n\tat org.uitnet.testing.smartfwk.ui.standard.domobj.LabelValidatorSD.validateValue(LabelValidatorSD.java:134)\r\n\tat stepdefs.features.ui.home.StandardCalculatorStepDefs.the_is_displayed_on_result_textbox(StandardCalculatorStepDefs.java:85)\r\n\tat ✽.The 50 is displayed on result textbox.(file:///C:/projects/github-testauto/smartfwk-testauto-quickstart-windows-native-java/cucumber-testcases/features/ui/home/VerifyStandardCalculator.feature:13)\r\nCaused by: java.lang.AssertionError: Actual value 'Display is 500' does not equal to expected value 'Display is 50'.\r\n\tat org.testng.Assert.fail(Assert.java:99)\r\n\tat org.uitnet.testing.smartfwk.ui.core.utils.DataMatchUtil.validateTextValue(DataMatchUtil.java:109)\r\n\tat org.uitnet.testing.smartfwk.ui.core.objects.UIObjectValidator.validateTextValue(UIObjectValidator.java:134)\r\n\tat org.uitnet.testing.smartfwk.ui.standard.domobj.LabelValidatorSD.validateValue(LabelValidatorSD.java:124)\r\n\tat stepdefs.features.ui.home.StandardCalculatorStepDefs.the_is_displayed_on_result_textbox(StandardCalculatorStepDefs.java:85)\r\n\tat java.base/jdk.internal.reflect.NativeMethodAccessorImpl.invoke0(Native Method)\r\n\tat java.base/jdk.internal.reflect.NativeMethodAccessorImpl.invoke(NativeMethodAccessorImpl.java:62)\r\n\tat java.base/jdk.internal.reflect.DelegatingMethodAccessorImpl.invoke(DelegatingMethodAccessorImpl.java:43)\r\n\tat java.base/java.lang.reflect.Method.invoke(Method.java:566)\r\n\tat io.cucumber.java.Invoker.doInvoke(Invoker.java:66)\r\n\tat io.cucumber.java.Invoker.invoke(Invoker.java:24)\r\n\tat io.cucumber.java.AbstractGlueDefinition.invokeMethod(AbstractGlueDefinition.java:47)\r\n\tat io.cucumber.java.JavaStepDefinition.execute(JavaStepDefinition.java:29)\r\n\tat io.cucumber.core.runner.CoreStepDefinition.execute(CoreStepDefinition.java:66)\r\n\tat io.cucumber.core.runner.PickleStepDefinitionMatch.runStep(PickleStepDefinitionMatch.java:63)\r\n\tat io.cucumber.core.runner.ExecutionMode$1.execute(ExecutionMode.java:10)\r\n\tat io.cucumber.core.runner.TestStep.executeStep(TestStep.java:86)\r\n\tat io.cucumber.core.runner.TestStep.run(TestStep.java:57)\r\n\tat io.cucumber.core.runner.PickleStepTestStep.run(PickleStepTestStep.java:51)\r\n\tat io.cucumber.core.runner.TestCase.run(TestCase.java:95)\r\n\tat io.cucumber.core.runner.Runner.runPickle(Runner.java:75)\r\n\tat io.cucumber.testng.TestNGCucumberRunner.lambda$runScenario$1(TestNGCucumberRunner.java:132)\r\n\tat io.cucumber.core.runtime.CucumberExecutionContext.lambda$runTestCase$3(CucumberExecutionContext.java:110)\r\n\tat io.cucumber.core.runtime.RethrowingThrowableCollector.executeAndThrow(RethrowingThrowableCollector.java:23)\r\n\tat io.cucumber.core.runtime.CucumberExecutionContext.runTestCase(CucumberExecutionContext.java:110)\r\n\tat io.cucumber.testng.TestNGCucumberRunner.runScenario(TestNGCucumberRunner.java:129)\r\n\tat io.cucumber.testng.AbstractTestNGCucumberTests.runScenario(AbstractTestNGCucumberTests.java:35)\r\n\tat java.base/jdk.internal.reflect.NativeMethodAccessorImpl.invoke0(Native Method)\r\n\tat java.base/jdk.internal.reflect.NativeMethodAccessorImpl.invoke(NativeMethodAccessorImpl.java:62)\r\n\tat java.base/jdk.internal.reflect.DelegatingMethodAccessorImpl.invoke(DelegatingMethodAccessorImpl.java:43)\r\n\tat java.base/java.lang.reflect.Method.invoke(Method.java:566)\r\n\tat org.testng.internal.MethodInvocationHelper.invokeMethod(MethodInvocationHelper.java:133)\r\n\tat org.testng.internal.TestInvoker.invokeMethod(TestInvoker.java:598)\r\n\tat org.testng.internal.TestInvoker.invokeTestMethod(TestInvoker.java:173)\r\n\tat org.testng.internal.MethodRunner.runInSequence(MethodRunner.java:46)\r\n\tat org.testng.internal.TestInvoker$MethodInvocationAgent.invoke(TestInvoker.java:824)\r\n\tat org.testng.internal.TestInvoker.invokeTestMethods(TestInvoker.java:146)\r\n\tat org.testng.internal.TestMethodWorker.invokeTestMethods(TestMethodWorker.java:146)\r\n\tat org.testng.internal.TestMethodWorker.run(TestMethodWorker.java:128)\r\n\tat java.base/java.util.ArrayList.forEach(ArrayList.java:1540)\r\n\tat org.testng.TestRunner.privateRun(TestRunner.java:794)\r\n\tat org.testng.TestRunner.run(TestRunner.java:596)\r\n\tat org.testng.SuiteRunner.runTest(SuiteRunner.java:377)\r\n\tat org.testng.SuiteRunner.runSequentially(SuiteRunner.java:371)\r\n\tat org.testng.SuiteRunner.privateRun(SuiteRunner.java:332)\r\n\tat org.testng.SuiteRunner.run(SuiteRunner.java:276)\r\n\tat org.testng.SuiteRunnerWorker.runSuite(SuiteRunnerWorker.java:53)\r\n\tat org.testng.SuiteRunnerWorker.run(SuiteRunnerWorker.java:96)\r\n\tat org.testng.TestNG.runSuitesSequentially(TestNG.java:1212)\r\n\tat org.testng.TestNG.runSuitesLocally(TestNG.java:1134)\r\n\tat org.testng.TestNG.runSuites(TestNG.java:1063)\r\n\tat org.testng.TestNG.run(TestNG.java:1031)\r\n\tat org.apache.maven.surefire.testng.TestNGExecutor.run(TestNGExecutor.java:135)\r\n\tat org.apache.maven.surefire.testng.TestNGDirectoryTestSuite.executeSingleClass(TestNGDirectoryTestSuite.java:112)\r\n\tat org.apache.maven.surefire.testng.TestNGDirectoryTestSuite.execute(TestNGDirectoryTestSuite.java:99)\r\n\tat org.apache.maven.surefire.testng.TestNGProvider.invoke(TestNGProvider.java:146)\r\n\tat org.apache.maven.surefire.booter.ForkedBooter.invokeProviderInSameClassLoader(ForkedBooter.java:384)\r\n\tat org.apache.maven.surefire.booter.ForkedBooter.runSuitesInProcess(ForkedBooter.java:345)\r\n\tat org.apache.maven.surefire.booter.ForkedBooter.execute(ForkedBooter.java:126)\r\n\tat org.apache.maven.surefire.booter.ForkedBooter.main(ForkedBooter.java:418)\r\n","duration":6492068900,"status":"failed"},"line":13,"name":"The 50 is displayed on result textbox.","match":{"arguments":[{"val":"50","offset":4}],"location":"stepdefs.features.ui.home.StandardCalculatorStepDefs.the_is_displayed_on_result_textbox(java.lang.Integer)"},"keyword":"Then "}],"tags":[{"name":"@StandardModeTests"},{"name":"@RegressionTest"}]}],"name":"Verify Standard calculator functionality.","description":"\tThis feature will be used to verify Standard calculator functionality.","id":"verify-standard-calculator-functionality.","keyword":"Feature","uri":"file:cucumber-testcases/features/ui/home/VerifyStandardCalculator.feature","tags":[{"name":"@StandardModeTests","type":"Tag","location":{"line":4,"column":1}}]}]